#
# A fatal error has been detected by the Java Runtime Environment:
#
#  EXCEPTION_ACCESS_VIOLATION (0xc0000005) at pc=0x000000005bd83dfa, pid=2908, tid=2664
#
# JRE version: Java(TM) SE Runtime Environment (7.0_45-b18) (build 1.7.0_45-b18)
# Java VM: Java HotSpot(TM) 64-Bit Server VM (24.45-b08 mixed mode windows-amd64 compressed oops)
# Problematic frame:
# C  [nvoglv64.DLL+0xe83dfa]
#
# Failed to write core dump. Minidumps are not enabled by default on client versions of Windows
#
# If you would like to submit a bug report, please visit:
#   http://bugreport.sun.com/bugreport/crash.jsp
# The crash happened outside the Java Virtual Machine in native code.
# See problematic frame for where to report the bug.
#

---------------  T H R E A D  ---------------

Current thread (0x000000000042d800):  JavaThread "main" [_thread_in_native, id=2664, stack(0x00000000027e0000,0x00000000028e0000)]

siginfo: ExceptionCode=0xc0000005, reading address 0x000000000bc04000

Registers:
RAX=0x0000700000000000, RBX=0x000000000d6a946c, RCX=0x000000000d6aaef0, RDX=0xfffffffffe559114
RSP=0x00000000028de8f8, RBP=0x000000000101803b, RSI=0x0000000000002000, RDI=0x000000000c830080
R8 =0x0000000000001ffc, R9 =0x000000000000002c, R10=0x0bc0400000000000, R11=0x000000000d6a946c
R12=0x0000000000000002, R13=0x0000000000001401, R14=0x0000000000000400, R15=0x000000000bc02580
RIP=0x000000005bd83dfa, EFLAGS=0x0000000000010206

Top of Stack: (sp=0x00000000028de8f8)
0x00000000028de8f8:   000000005b5de928 0000000000001907
0x00000000028de908:   00000000028dea90 0000000000001907
0x00000000028de918:   000000000c830080 0000000000001401
0x00000000028de928:   000000000bc02580 000000000042d800
0x00000000028de938:   00000000028deb08 000000009b6961e8
0x00000000028de948:   0000000000000000 00000000028e6215
0x00000000028de958:   0000000000001907 00000000028dea90
0x00000000028de968:   000000018000b88a 0000000000000de1
0x00000000028de978:   0000000000000000 0000000000001908
0x00000000028de988:   000000009b6961e8 0000000000000400
0x00000000028de998:   0000000000000000 0000000000001907
0x00000000028de9a8:   0000000000001401 000000000bc02580
0x00000000028de9b8:   00000000e01a05f8 00000000028de9c0
0x00000000028de9c8:   00000000028f3090 00000000028dea18
0x00000000028de9d8:   000000009b5eeac0 0000000000000000
0x00000000028de9e8:   000000009b5eae98 0000000000001908 

Instructions: (pc=0x000000005bd83dfa)
0x000000005bd83dda:   00 20 00 00 73 42 48 8b 04 0a 4c 8b 54 0a 08 48
0x000000005bd83dea:   83 c1 20 48 89 41 e0 4c 89 51 e8 48 8b 44 0a f0
0x000000005bd83dfa:   4c 8b 54 0a f8 49 ff c9 48 89 41 f0 4c 89 51 f8
0x000000005bd83e0a:   75 d4 49 83 e0 1f e9 e4 fd ff ff 66 66 66 0f 1f 


Register to memory mapping:

RAX=0x0000700000000000 is an unknown value
RBX=0x000000000d6a946c is an unknown value
RCX=0x000000000d6aaef0 is an unknown value
RDX=0xfffffffffe559114 is an unknown value
RSP=0x00000000028de8f8 is pointing into the stack for thread: 0x000000000042d800
RBP=0x000000000101803b is an unknown value
RSI=0x0000000000002000 is an unknown value
RDI=0x000000000c830080 is an unknown value
R8 =0x0000000000001ffc is an unknown value
R9 =0x000000000000002c is an unknown value
R10=0x0bc0400000000000 is an unknown value
R11=0x000000000d6a946c is an unknown value
R12=0x0000000000000002 is an unknown value
R13=0x0000000000001401 is an unknown value
R14=0x0000000000000400 is an unknown value
R15=0x000000000bc02580 is an unknown value


Stack: [0x00000000027e0000,0x00000000028e0000],  sp=0x00000000028de8f8,  free space=1018k
Native frames: (J=compiled Java code, j=interpreted, Vv=VM code, C=native code)
C  [nvoglv64.DLL+0xe83dfa]

Java frames: (J=compiled Java code, j=interpreted, Vv=VM code)
j  org.lwjgl.opengl.GL11.nglTexImage2D(IIIIIIIIJJ)V+0
j  org.lwjgl.opengl.GL11.glTexImage2D(IIIIIIIILjava/nio/ByteBuffer;)V+63
j  org.newdawn.slick.opengl.renderer.ImmediateModeOGLRenderer.glTexImage2D(IIIIIIIILjava/nio/ByteBuffer;)V+15
j  org.newdawn.slick.opengl.InternalTextureLoader.getTexture(Ljava/io/InputStream;Ljava/lang/String;IIIZ[I)Lorg/newdawn/slick/opengl/TextureImpl;+317
j  org.newdawn.slick.opengl.InternalTextureLoader.getTexture(Ljava/io/InputStream;Ljava/lang/String;ZI[I)Lorg/newdawn/slick/opengl/TextureImpl;+238
j  org.newdawn.slick.opengl.InternalTextureLoader.getTexture(Ljava/lang/String;ZI[I)Lorg/newdawn/slick/opengl/Texture;+14
j  org.newdawn.slick.Image.<init>(Ljava/lang/String;ZILorg/newdawn/slick/Color;)V+119
j  org.newdawn.slick.Image.<init>(Ljava/lang/String;ZI)V+5
j  org.newdawn.slick.Image.<init>(Ljava/lang/String;Z)V+4
j  org.newdawn.slick.Image.<init>(Ljava/lang/String;)V+3
j  Carte.Mur.<init>(I)V+83
j  Carte.Carte.<init>(I)V+130
j  Scenes.SceneVillage.<init>(LPersonnages/Personnage;)V+20
j  Scenes.SceneNewGame.CustomUpdate(Lorg/newdawn/slick/GameContainer;I)V+478
j  Scenes.Scene.update(Lorg/newdawn/slick/GameContainer;I)V+13
j  Scenes.SceneManager.update(Lorg/newdawn/slick/GameContainer;I)V+30
j  Main.Game.update(Lorg/newdawn/slick/GameContainer;I)V+5
j  org.newdawn.slick.GameContainer.updateAndRender(I)V+193
j  org.newdawn.slick.AppGameContainer.gameLoop()V+33
j  org.newdawn.slick.AppGameContainer.start()V+17
j  Main.StartApp.main([Ljava/lang/String;)V+38
v  ~StubRoutines::call_stub

---------------  P R O C E S S  ---------------

Java Threads: ( => current thread )
  0x000000000ee48800 JavaThread "LWJGL Timer" daemon [_thread_blocked, id=4064, stack(0x0000000011300000,0x0000000011400000)]
  0x000000000b960800 JavaThread "Java2D Disposer" daemon [_thread_blocked, id=5452, stack(0x0000000011500000,0x0000000011600000)]
  0x000000000ba38000 JavaThread "Thread-2" daemon [_thread_in_native, id=1052, stack(0x0000000010130000,0x0000000010230000)]
  0x0000000009b86000 JavaThread "Service Thread" daemon [_thread_blocked, id=6140, stack(0x000000000b5b0000,0x000000000b6b0000)]
  0x0000000009b83000 JavaThread "C2 CompilerThread1" daemon [_thread_blocked, id=3228, stack(0x000000000b480000,0x000000000b580000)]
  0x0000000009b7e000 JavaThread "C2 CompilerThread0" daemon [_thread_blocked, id=5436, stack(0x000000000b280000,0x000000000b380000)]
  0x0000000009b7c800 JavaThread "Attach Listener" daemon [_thread_blocked, id=4752, stack(0x000000000ac60000,0x000000000ad60000)]
  0x0000000009b75800 JavaThread "Signal Dispatcher" daemon [_thread_blocked, id=1780, stack(0x000000000b0c0000,0x000000000b1c0000)]
  0x0000000009b25800 JavaThread "Finalizer" daemon [_thread_blocked, id=4864, stack(0x000000000af30000,0x000000000b030000)]
  0x0000000009b1c800 JavaThread "Reference Handler" daemon [_thread_blocked, id=4972, stack(0x000000000ad80000,0x000000000ae80000)]
=>0x000000000042d800 JavaThread "main" [_thread_in_native, id=2664, stack(0x00000000027e0000,0x00000000028e0000)]

Other Threads:
  0x0000000009b16000 VMThread [stack: 0x000000000aaa0000,0x000000000aba0000] [id=3288]
  0x0000000009b97000 WatcherThread [stack: 0x000000000b7e0000,0x000000000b8e0000] [id=1932]

VM state:not at safepoint (normal execution)

VM Mutex/Monitor currently owned by a thread: None

Heap
 PSYoungGen      total 28672K, used 5101K [0x00000000e0100000, 0x00000000e2100000, 0x0000000100000000)
  eden space 24576K, 4% used [0x00000000e0100000,0x00000000e0200260,0x00000000e1900000)
  from space 4096K, 99% used [0x00000000e1900000,0x00000000e1cfb348,0x00000000e1d00000)
  to   space 4096K, 0% used [0x00000000e1d00000,0x00000000e1d00000,0x00000000e2100000)
 ParOldGen       total 65024K, used 30873K [0x00000000a0400000, 0x00000000a4380000, 0x00000000e0100000)
  object space 65024K, 47% used [0x00000000a0400000,0x00000000a2226608,0x00000000a4380000)
 PSPermGen       total 21504K, used 9226K [0x000000009b200000, 0x000000009c700000, 0x00000000a0400000)
  object space 21504K, 42% used [0x000000009b200000,0x000000009bb028b0,0x000000009c700000)

Card table byte_map: [0x00000000058e0000,0x0000000005c10000] byte_map_base: 0x0000000005407000

Polling page: 0x0000000000160000

Code Cache  [0x00000000028e0000, 0x0000000002b50000, 0x00000000058e0000)
 total_blobs=577 nmethods=104 adapters=426 free_code_cache=48338Kb largest_free_block=49465152

Compilation events (10 events):
Event: 2.070 Thread 0x0000000009b7e000  100             java.lang.String::regionMatches (149 bytes)
Event: 2.070 Thread 0x0000000009b83000  101             java.lang.String::toUpperCase (439 bytes)
Event: 2.075 Thread 0x0000000009b7e000 nmethod 100 0x00000000029ae4d0 code [0x00000000029ae660, 0x00000000029aeab0]
Event: 2.075 Thread 0x0000000009b7e000  102             java.lang.Character::toUpperCaseEx (30 bytes)
Event: 2.076 Thread 0x0000000009b7e000 nmethod 102 0x00000000029a61d0 code [0x00000000029a6320, 0x00000000029a6478]
Event: 2.076 Thread 0x0000000009b7e000  103             java.lang.CharacterDataLatin1::toUpperCaseEx (71 bytes)
Event: 2.076 Thread 0x0000000009b7e000 nmethod 103 0x00000000029a5ed0 code [0x00000000029a6000, 0x00000000029a60d8]
Event: 2.092 Thread 0x0000000009b83000 nmethod 101 0x00000000029b1810 code [0x00000000029b1a20, 0x00000000029b2a10]
Event: 2.104 Thread 0x0000000009b7e000  104             java.lang.AbstractStringBuilder::append (29 bytes)
Event: 2.107 Thread 0x0000000009b7e000 nmethod 104 0x00000000029a8d90 code [0x00000000029a8ee0, 0x00000000029a91d8]

GC Heap History (6 events):
Event: 0.890 GC heap before
{Heap before GC invocations=1 (full 0):
 PSYoungGen      total 28672K, used 24576K [0x00000000e0100000, 0x00000000e2100000, 0x0000000100000000)
  eden space 24576K, 100% used [0x00000000e0100000,0x00000000e1900000,0x00000000e1900000)
  from space 4096K, 0% used [0x00000000e1d00000,0x00000000e1d00000,0x00000000e2100000)
  to   space 4096K, 0% used [0x00000000e1900000,0x00000000e1900000,0x00000000e1d00000)
 ParOldGen       total 65024K, used 0K [0x00000000a0400000, 0x00000000a4380000, 0x00000000e0100000)
  object space 65024K, 0% used [0x00000000a0400000,0x00000000a0400000,0x00000000a4380000)
 PSPermGen       total 21504K, used 8509K [0x000000009b200000, 0x000000009c700000, 0x00000000a0400000)
  object space 21504K, 39% used [0x000000009b200000,0x000000009ba4f7b0,0x000000009c700000)
Event: 0.896 GC heap after
Heap after GC invocations=1 (full 0):
 PSYoungGen      total 28672K, used 4081K [0x00000000e0100000, 0x00000000e2100000, 0x0000000100000000)
  eden space 24576K, 0% used [0x00000000e0100000,0x00000000e0100000,0x00000000e1900000)
  from space 4096K, 99% used [0x00000000e1900000,0x00000000e1cfc7b0,0x00000000e1d00000)
  to   space 4096K, 0% used [0x00000000e1d00000,0x00000000e1d00000,0x00000000e2100000)
 ParOldGen       total 65024K, used 8831K [0x00000000a0400000, 0x00000000a4380000, 0x00000000e0100000)
  object space 65024K, 13% used [0x00000000a0400000,0x00000000a0c9fe88,0x00000000a4380000)
 PSPermGen       total 21504K, used 8509K [0x000000009b200000, 0x000000009c700000, 0x00000000a0400000)
  object space 21504K, 39% used [0x000000009b200000,0x000000009ba4f7b0,0x000000009c700000)
}
Event: 1.337 GC heap before
{Heap before GC invocations=2 (full 0):
 PSYoungGen      total 28672K, used 28657K [0x00000000e0100000, 0x00000000e2100000, 0x0000000100000000)
  eden space 24576K, 100% used [0x00000000e0100000,0x00000000e1900000,0x00000000e1900000)
  from space 4096K, 99% used [0x00000000e1900000,0x00000000e1cfc7b0,0x00000000e1d00000)
  to   space 4096K, 0% used [0x00000000e1d00000,0x00000000e1d00000,0x00000000e2100000)
 ParOldGen       total 65024K, used 8831K [0x00000000a0400000, 0x00000000a4380000, 0x00000000e0100000)
  object space 65024K, 13% used [0x00000000a0400000,0x00000000a0c9fe88,0x00000000a4380000)
 PSPermGen       total 21504K, used 8556K [0x000000009b200000, 0x000000009c700000, 0x00000000a0400000)
  object space 21504K, 39% used [0x000000009b200000,0x000000009ba5b160,0x000000009c700000)
Event: 1.342 GC heap after
Heap after GC invocations=2 (full 0):
 PSYoungGen      total 28672K, used 4016K [0x00000000e0100000, 0x00000000e2100000, 0x0000000100000000)
  eden space 24576K, 0% used [0x00000000e0100000,0x00000000e0100000,0x00000000e1900000)
  from space 4096K, 98% used [0x00000000e1d00000,0x00000000e20ec088,0x00000000e2100000)
  to   space 4096K, 0% used [0x00000000e1900000,0x00000000e1900000,0x00000000e1d00000)
 ParOldGen       total 65024K, used 19930K [0x00000000a0400000, 0x00000000a4380000, 0x00000000e0100000)
  object space 65024K, 30% used [0x00000000a0400000,0x00000000a1776ac8,0x00000000a4380000)
 PSPermGen       total 21504K, used 8556K [0x000000009b200000, 0x000000009c700000, 0x00000000a0400000)
  object space 21504K, 39% used [0x000000009b200000,0x000000009ba5b160,0x000000009c700000)
}
Event: 2.155 GC heap before
{Heap before GC invocations=3 (full 0):
 PSYoungGen      total 28672K, used 28592K [0x00000000e0100000, 0x00000000e2100000, 0x0000000100000000)
  eden space 24576K, 100% used [0x00000000e0100000,0x00000000e1900000,0x00000000e1900000)
  from space 4096K, 98% used [0x00000000e1d00000,0x00000000e20ec088,0x00000000e2100000)
  to   space 4096K, 0% used [0x00000000e1900000,0x00000000e1900000,0x00000000e1d00000)
 ParOldGen       total 65024K, used 19930K [0x00000000a0400000, 0x00000000a4380000, 0x00000000e0100000)
  object space 65024K, 30% used [0x00000000a0400000,0x00000000a1776ac8,0x00000000a4380000)
 PSPermGen       total 21504K, used 9125K [0x000000009b200000, 0x000000009c700000, 0x00000000a0400000)
  object space 21504K, 42% used [0x000000009b200000,0x000000009bae9580,0x000000009c700000)
Event: 2.159 GC heap after
Heap after GC invocations=3 (full 0):
 PSYoungGen      total 28672K, used 4076K [0x00000000e0100000, 0x00000000e2100000, 0x0000000100000000)
  eden space 24576K, 0% used [0x00000000e0100000,0x00000000e0100000,0x00000000e1900000)
  from space 4096K, 99% used [0x00000000e1900000,0x00000000e1cfb348,0x00000000e1d00000)
  to   space 4096K, 0% used [0x00000000e1d00000,0x00000000e1d00000,0x00000000e2100000)
 ParOldGen       total 65024K, used 30873K [0x00000000a0400000, 0x00000000a4380000, 0x00000000e0100000)
  object space 65024K, 47% used [0x00000000a0400000,0x00000000a2226608,0x00000000a4380000)
 PSPermGen       total 21504K, used 9125K [0x000000009b200000, 0x000000009c700000, 0x00000000a0400000)
  object space 21504K, 42% used [0x000000009b200000,0x000000009bae9580,0x000000009c700000)
}

Deoptimization events (6 events):
Event: 0.904 Thread 0x000000000042d800 Uncommon trap: reason=unreached action=reinterpret pc=0x000000000298ea7c method=java.awt.image.ComponentColorModel.getDataElements(ILjava/lang/Object;)Ljava/lang/Object; @ 2993
Event: 0.904 Thread 0x000000000042d800 Uncommon trap: reason=unreached action=reinterpret pc=0x0000000002976d24 method=sun.awt.image.ByteInterleavedRaster.getDataElements(IILjava/lang/Object;)Ljava/lang/Object; @ 43
Event: 1.939 Thread 0x000000000042d800 Uncommon trap: reason=class_check action=maybe_recompile pc=0x0000000002968b08 method=java.util.Properties$LineReader.readLine()I @ 62
Event: 1.939 Thread 0x000000000042d800 Uncommon trap: reason=class_check action=maybe_recompile pc=0x0000000002968b08 method=java.util.Properties$LineReader.readLine()I @ 62
Event: 2.013 Thread 0x000000000042d800 Uncommon trap: reason=unloaded action=reinterpret pc=0x00000000029a52a0 method=org.sqlite.SQLiteJDBCLoader.md5sum(Ljava/io/InputStream;)Ljava/lang/String; @ 35
Event: 2.014 Thread 0x000000000042d800 Uncommon trap: reason=unreached action=reinterpret pc=0x000000000299f330 method=sun.security.provider.DigestBase.engineUpdate(B)V @ 4

Internal exceptions (10 events):
Event: 2.061 Thread 0x000000000042d800 Threw 0x00000000e04b6590 at C:\re\jdk7u45\229\hotspot\src\share\vm\prims\jvm.cpp:1244
Event: 2.063 Thread 0x000000000042d800 Threw 0x00000000e04c1e58 at C:\re\jdk7u45\229\hotspot\src\share\vm\prims\jvm.cpp:1244
Event: 2.064 Thread 0x000000000042d800 Threw 0x00000000e04c6d38 at C:\re\jdk7u45\229\hotspot\src\share\vm\prims\jvm.cpp:1244
Event: 2.065 Thread 0x000000000042d800 Threw 0x00000000e04c9db0 at C:\re\jdk7u45\229\hotspot\src\share\vm\prims\jvm.cpp:1244
Event: 2.097 Thread 0x000000000042d800 Threw 0x00000000e04f9d98 at C:\re\jdk7u45\229\hotspot\src\share\vm\prims\jvm.cpp:1244
Event: 2.098 Thread 0x000000000042d800 Threw 0x00000000e04fdfc0 at C:\re\jdk7u45\229\hotspot\src\share\vm\prims\jvm.cpp:1244
Event: 2.099 Thread 0x000000000042d800 Threw 0x00000000e0502048 at C:\re\jdk7u45\229\hotspot\src\share\vm\prims\jvm.cpp:1244
Event: 2.103 Thread 0x000000000042d800 Threw 0x00000000e050bf50 at C:\re\jdk7u45\229\hotspot\src\share\vm\prims\jvm.cpp:1244
Event: 2.162 Thread 0x0000000009b25800 Threw 0x00000000e01c17b0 at C:\re\jdk7u45\229\hotspot\src\share\vm\interpreter\linkResolver.cpp:883
Event: 2.170 Thread 0x000000000042d800 Threw 0x00000000e0178770 at C:\re\jdk7u45\229\hotspot\src\share\vm\prims\jvm.cpp:1244

Events (10 events):
Event: 2.099 loading class 0x000000000bc9f510
Event: 2.099 loading class 0x000000000bc9f510 done
Event: 2.103 loading class 0x000000000ece0960
Event: 2.103 loading class 0x000000000ece0960 done
Event: 2.155 Executing VM operation: ParallelGCFailedAllocation
Event: 2.159 Executing VM operation: ParallelGCFailedAllocation done
Event: 2.161 loading class 0x000000000ef57f70
Event: 2.162 loading class 0x000000000ef57f70 done
Event: 2.170 loading class 0x000000000baa3d30
Event: 2.170 loading class 0x000000000baa3d30 done


Dynamic libraries:
0x000000013f480000 - 0x000000013f4b3000 	C:\Program Files\Java\jdk1.7.0_45\bin\java.exe
0x0000000077250000 - 0x00000000773f9000 	C:\Windows\SYSTEM32\ntdll.dll
0x0000000077130000 - 0x000000007724f000 	C:\Windows\system32\kernel32.dll
0x000007fefd340000 - 0x000007fefd3ab000 	C:\Windows\system32\KERNELBASE.dll
0x000007fefd5d0000 - 0x000007fefd6ab000 	C:\Windows\system32\ADVAPI32.dll
0x000007fefd530000 - 0x000007fefd5cf000 	C:\Windows\system32\msvcrt.dll
0x000007fefd510000 - 0x000007fefd52f000 	C:\Windows\SYSTEM32\sechost.dll
0x000007fefd7c0000 - 0x000007fefd8ed000 	C:\Windows\system32\RPCRT4.dll
0x0000000077030000 - 0x000000007712a000 	C:\Windows\system32\USER32.dll
0x000007fefebf0000 - 0x000007fefec57000 	C:\Windows\system32\GDI32.dll
0x000007fefecc0000 - 0x000007fefecce000 	C:\Windows\system32\LPK.dll
0x000007feff0c0000 - 0x000007feff189000 	C:\Windows\system32\USP10.dll
0x000007fefb9b0000 - 0x000007fefbba4000 	C:\Windows\WinSxS\amd64_microsoft.windows.common-controls_6595b64144ccf1df_6.0.7601.17514_none_fa396087175ac9ac\COMCTL32.dll
0x000007feff4c0000 - 0x000007feff531000 	C:\Windows\system32\SHLWAPI.dll
0x000007fefd980000 - 0x000007fefd9ae000 	C:\Windows\system32\IMM32.DLL
0x000007fefd6b0000 - 0x000007fefd7b9000 	C:\Windows\system32\MSCTF.dll
0x000000005ebc0000 - 0x000000005ec92000 	C:\Program Files\Java\jdk1.7.0_45\jre\bin\msvcr100.dll
0x000000005ce70000 - 0x000000005d639000 	C:\Program Files\Java\jdk1.7.0_45\jre\bin\server\jvm.dll
0x000007fef3030000 - 0x000007fef3039000 	C:\Windows\system32\WSOCK32.dll
0x000007feff3d0000 - 0x000007feff41d000 	C:\Windows\system32\WS2_32.dll
0x000007fefd8f0000 - 0x000007fefd8f8000 	C:\Windows\system32\NSI.dll
0x000007fefaec0000 - 0x000007fefaefb000 	C:\Windows\system32\WINMM.dll
0x0000000077410000 - 0x0000000077417000 	C:\Windows\system32\PSAPI.DLL
0x0000000068460000 - 0x000000006846f000 	C:\Program Files\Java\jdk1.7.0_45\jre\bin\verify.dll
0x0000000068430000 - 0x0000000068458000 	C:\Program Files\Java\jdk1.7.0_45\jre\bin\java.dll
0x000000005eb60000 - 0x000000005eb75000 	C:\Program Files\Java\jdk1.7.0_45\jre\bin\zip.dll
0x0000000180000000 - 0x0000000180050000 	D:\Programmation\Jeu ROTMG Like\natives\lwjgl64.dll
0x000007fef6570000 - 0x000007fef668d000 	C:\Windows\system32\OPENGL32.dll
0x000007fefa750000 - 0x000007fefa77d000 	C:\Windows\system32\GLU32.dll
0x000007fef0cc0000 - 0x000007fef0db1000 	C:\Windows\system32\DDRAW.dll
0x000007fefa740000 - 0x000007fefa748000 	C:\Windows\system32\DCIMAN32.dll
0x000007fefecd0000 - 0x000007fefeea7000 	C:\Windows\system32\SETUPAPI.dll
0x000007fefd230000 - 0x000007fefd266000 	C:\Windows\system32\CFGMGR32.dll
0x000007fefd430000 - 0x000007fefd507000 	C:\Windows\system32\OLEAUT32.dll
0x000007fefeeb0000 - 0x000007feff0b3000 	C:\Windows\system32\ole32.dll
0x000007fefd3c0000 - 0x000007fefd3da000 	C:\Windows\system32\DEVOBJ.dll
0x000007fefb1b0000 - 0x000007fefb1c8000 	C:\Windows\system32\dwmapi.dll
0x000007fefc090000 - 0x000007fefc09c000 	C:\Windows\system32\VERSION.dll
0x00000000645b0000 - 0x00000000645c9000 	C:\Program Files\Java\jdk1.7.0_45\jre\bin\net.dll
0x000007fefc780000 - 0x000007fefc7d5000 	C:\Windows\system32\mswsock.dll
0x000007fefc770000 - 0x000007fefc777000 	C:\Windows\System32\wship6.dll
0x000000005eb40000 - 0x000000005eb51000 	C:\Program Files\Java\jdk1.7.0_45\jre\bin\nio.dll
0x000007fefb800000 - 0x000007fefb856000 	C:\Windows\system32\uxtheme.dll
0x000000005af00000 - 0x000000005cc25000 	C:\Windows\system32\nvoglv64.DLL
0x000007fefdc60000 - 0x000007fefe9e8000 	C:\Windows\system32\SHELL32.dll
0x000007fefd3f0000 - 0x000007fefd42a000 	C:\Windows\system32\WINTRUST.dll
0x000007fefd0b0000 - 0x000007fefd21c000 	C:\Windows\system32\CRYPT32.dll
0x000007fefd0a0000 - 0x000007fefd0af000 	C:\Windows\system32\MSASN1.dll
0x000007fefaf00000 - 0x000007fefaf2d000 	C:\Windows\system32\ntmarta.dll
0x000007fefec60000 - 0x000007fefecb2000 	C:\Windows\system32\WLDAP32.dll
0x000007fefcfb0000 - 0x000007fefcfbf000 	C:\Windows\system32\CRYPTBASE.dll
0x000007fef9d20000 - 0x000007fef9dbc000 	C:\Windows\system32\mscms.dll
0x000007fefc2a0000 - 0x000007fefc2be000 	C:\Windows\system32\USERENV.dll
0x000007fefd000000 - 0x000007fefd00f000 	C:\Windows\system32\profapi.dll
0x000007feef570000 - 0x000007feef5b2000 	C:\Windows\system32\icm32.dll
0x000000005ccd0000 - 0x000000005ce65000 	C:\Program Files\Java\jdk1.7.0_45\jre\bin\awt.dll
0x00000000021a0000 - 0x00000000021b6000 	D:\Programmation\Jeu ROTMG Like\natives\jinput-dx8_64.dll
0x000007feefdb0000 - 0x000007feefdec000 	C:\Windows\system32\DINPUT8.dll
0x000007fefbed0000 - 0x000007fefbedb000 	C:\Windows\system32\HID.DLL
0x00000000025b0000 - 0x00000000025c4000 	D:\Programmation\Jeu ROTMG Like\natives\jinput-raw_64.dll
0x000007fefc7e0000 - 0x000007fefc7f7000 	C:\Windows\system32\CRYPTSP.dll
0x000007fefc4e0000 - 0x000007fefc527000 	C:\Windows\system32\rsaenh.dll
0x000007feface0000 - 0x000007fefacf5000 	C:\Windows\system32\NLAapi.dll
0x000007fef8bb0000 - 0x000007fef8bc5000 	C:\Windows\system32\napinsp.dll
0x000007fef8b90000 - 0x000007fef8ba9000 	C:\Windows\system32\pnrpnsp.dll
0x000007fefc600000 - 0x000007fefc65b000 	C:\Windows\system32\DNSAPI.dll
0x000007fef8b80000 - 0x000007fef8b8b000 	C:\Windows\System32\winrnr.dll
0x00000000700c0000 - 0x00000000700e6000 	C:\Program Files\Bonjour\mdnsNSP.dll
0x000007fefa930000 - 0x000007fefa957000 	C:\Windows\system32\Iphlpapi.DLL
0x000007fefa920000 - 0x000007fefa92b000 	C:\Windows\system32\WINNSI.DLL
0x000007fefc160000 - 0x000007fefc167000 	C:\Windows\System32\wshtcpip.dll
0x000007fef6bf0000 - 0x000007fef6bf8000 	C:\Windows\system32\rasadhlp.dll
0x000007fefa7e0000 - 0x000007fefa833000 	C:\Windows\System32\fwpuclnt.dll
0x0000000069340000 - 0x00000000693c5000 	C:\Users\Ludovic\AppData\Local\Temp\sqlite-3.7.2-sqlitejdbc.dll
0x000007fef8a50000 - 0x000007fef8b75000 	C:\Windows\system32\dbghelp.dll

VM Arguments:
jvm_args: -Dfile.encoding=UTF-8 -Djava.library.path=./natives 
java_command: Main.StartApp
Launcher Type: SUN_STANDARD

Environment Variables:
PATH=C:\Program Files (x86)\NVIDIA Corporation\PhysX\Common;C:\Windows\system32;C:\Windows;C:\Windows\System32\Wbem;C:\Windows\System32\WindowsPowerShell\v1.0\;C:\Program Files\Intel\DMIX;C:\Program Files (x86)\MySQL\MySQL Utilities 1.3.5\
USERNAME=Ludovic
OS=Windows_NT
PROCESSOR_IDENTIFIER=Intel64 Family 6 Model 42 Stepping 7, GenuineIntel



---------------  S Y S T E M  ---------------

OS: Windows 7 , 64 bit Build 7601 Service Pack 1

CPU:total 4 (2 cores per cpu, 2 threads per core) family 6 model 42 stepping 7, cmov, cx8, fxsr, mmx, sse, sse2, sse3, ssse3, sse4.1, sse4.2, popcnt, avx, ht, tsc, tscinvbit

Memory: 4k page, physical 6273032k(3460708k free), swap 12544200k(9144248k free)

vm_info: Java HotSpot(TM) 64-Bit Server VM (24.45-b08) for windows-amd64 JRE (1.7.0_45-b18), built on Oct  8 2013 05:47:22 by "java_re" with unknown MS VC++:1600

time: Thu Jan 23 22:37:15 2014
elapsed time: 2 seconds

