#
# A fatal error has been detected by the Java Runtime Environment:
#
#  EXCEPTION_ACCESS_VIOLATION (0xc0000005) at pc=0x000000005a673dfa, pid=6896, tid=6156
#
# JRE version: Java(TM) SE Runtime Environment (7.0_45-b18) (build 1.7.0_45-b18)
# Java VM: Java HotSpot(TM) 64-Bit Server VM (24.45-b08 mixed mode windows-amd64 compressed oops)
# Problematic frame:
# C  [nvoglv64.DLL+0xe83dfa]
#
# Failed to write core dump. Minidumps are not enabled by default on client versions of Windows
#
# If you would like to submit a bug report, please visit:
#   http://bugreport.sun.com/bugreport/crash.jsp
# The crash happened outside the Java Virtual Machine in native code.
# See problematic frame for where to report the bug.
#

---------------  T H R E A D  ---------------

Current thread (0x000000000264d800):  JavaThread "main" [_thread_in_native, id=6156, stack(0x0000000002540000,0x0000000002640000)]

siginfo: ExceptionCode=0xc0000005, reading address 0x000000000b90c000

Registers:
RAX=0x0000500000000000, RBX=0x000000000d20608c, RCX=0x000000000d208070, RDX=0xfffffffffe703f94
RSP=0x000000000263edb8, RBP=0x000000000101803b, RSI=0x0000000000002000, RDI=0x000000000c490080
R8 =0x0000000000001ffc, R9 =0x0000000000000001, R10=0x0b90c00000000000, R11=0x000000000d20608c
R12=0x0000000000000002, R13=0x0000000000001401, R14=0x0000000000000400, R15=0x000000000b90a020
RIP=0x000000005a673dfa, EFLAGS=0x0000000000010202

Top of Stack: (sp=0x000000000263edb8)
0x000000000263edb8:   0000000059ece928 0000000000001907
0x000000000263edc8:   000000000263ef50 0000000000001907
0x000000000263edd8:   000000000c490080 0000000000001401
0x000000000263ede8:   000000000b90a020 000000000264d800
0x000000000263edf8:   000000000263efc8 000000009b6961e8
0x000000000263ee08:   0000000000000000 0000000002656215
0x000000000263ee18:   0000000000001907 000000000263ef50
0x000000000263ee28:   000000018000b88a 0000000000000de1
0x000000000263ee38:   0000000000000000 0000000000001908
0x000000000263ee48:   000000009b6961e8 0000000000000400
0x000000000263ee58:   0000000000000000 0000000000001907
0x000000000263ee68:   0000000000001401 000000000b90a020
0x000000000263ee78:   00000000e182ac10 000000000263ee80
0x000000000263ee88:   0000000002663090 000000000263eed8
0x000000000263ee98:   000000009b5eeac0 0000000000000000
0x000000000263eea8:   000000009b5eae98 0000000000001908 

Instructions: (pc=0x000000005a673dfa)
0x000000005a673dda:   00 20 00 00 73 42 48 8b 04 0a 4c 8b 54 0a 08 48
0x000000005a673dea:   83 c1 20 48 89 41 e0 4c 89 51 e8 48 8b 44 0a f0
0x000000005a673dfa:   4c 8b 54 0a f8 49 ff c9 48 89 41 f0 4c 89 51 f8
0x000000005a673e0a:   75 d4 49 83 e0 1f e9 e4 fd ff ff 66 66 66 0f 1f 


Register to memory mapping:

RAX=0x0000500000000000 is an unknown value
RBX=0x000000000d20608c is an unknown value
RCX=0x000000000d208070 is an unknown value
RDX=0xfffffffffe703f94 is an unknown value
RSP=0x000000000263edb8 is pointing into the stack for thread: 0x000000000264d800
RBP=0x000000000101803b is an unknown value
RSI=0x0000000000002000 is an unknown value
RDI=0x000000000c490080 is an unknown value
R8 =0x0000000000001ffc is an unknown value
R9 =0x0000000000000001 is an unknown value
R10=0x0b90c00000000000 is an unknown value
R11=0x000000000d20608c is an unknown value
R12=0x0000000000000002 is an unknown value
R13=0x0000000000001401 is an unknown value
R14=0x0000000000000400 is an unknown value
R15=0x000000000b90a020 is an unknown value


Stack: [0x0000000002540000,0x0000000002640000],  sp=0x000000000263edb8,  free space=1019k
Native frames: (J=compiled Java code, j=interpreted, Vv=VM code, C=native code)
C  [nvoglv64.DLL+0xe83dfa]

Java frames: (J=compiled Java code, j=interpreted, Vv=VM code)
j  org.lwjgl.opengl.GL11.nglTexImage2D(IIIIIIIIJJ)V+0
j  org.lwjgl.opengl.GL11.glTexImage2D(IIIIIIIILjava/nio/ByteBuffer;)V+63
j  org.newdawn.slick.opengl.renderer.ImmediateModeOGLRenderer.glTexImage2D(IIIIIIIILjava/nio/ByteBuffer;)V+15
j  org.newdawn.slick.opengl.InternalTextureLoader.getTexture(Ljava/io/InputStream;Ljava/lang/String;IIIZ[I)Lorg/newdawn/slick/opengl/TextureImpl;+317
j  org.newdawn.slick.opengl.InternalTextureLoader.getTexture(Ljava/io/InputStream;Ljava/lang/String;ZI[I)Lorg/newdawn/slick/opengl/TextureImpl;+238
j  org.newdawn.slick.opengl.InternalTextureLoader.getTexture(Ljava/lang/String;ZI[I)Lorg/newdawn/slick/opengl/Texture;+14
j  org.newdawn.slick.Image.<init>(Ljava/lang/String;ZILorg/newdawn/slick/Color;)V+119
j  org.newdawn.slick.Image.<init>(Ljava/lang/String;ZI)V+5
j  org.newdawn.slick.Image.<init>(Ljava/lang/String;Z)V+4
j  org.newdawn.slick.Image.<init>(Ljava/lang/String;)V+3
j  Carte.Mur.<init>(I)V+83
j  Carte.Carte.<init>(I)V+130
j  Scenes.SceneVillage.<init>(LPersonnages/Personnage;)V+20
j  Scenes.SceneNewGame.CustomUpdate(Lorg/newdawn/slick/GameContainer;I)V+478
j  Scenes.Scene.update(Lorg/newdawn/slick/GameContainer;I)V+13
j  Scenes.SceneManager.update(Lorg/newdawn/slick/GameContainer;I)V+30
j  Main.Game.update(Lorg/newdawn/slick/GameContainer;I)V+5
j  org.newdawn.slick.GameContainer.updateAndRender(I)V+193
j  org.newdawn.slick.AppGameContainer.gameLoop()V+33
j  org.newdawn.slick.AppGameContainer.start()V+17
j  Main.StartApp.main([Ljava/lang/String;)V+38
v  ~StubRoutines::call_stub

---------------  P R O C E S S  ---------------

Java Threads: ( => current thread )
  0x000000000f177000 JavaThread "LWJGL Timer" daemon [_thread_blocked, id=1604, stack(0x00000000127e0000,0x00000000128e0000)]
  0x000000000b6e7000 JavaThread "Java2D Disposer" daemon [_thread_blocked, id=6864, stack(0x0000000011210000,0x0000000011310000)]
  0x000000000b730800 JavaThread "Thread-2" daemon [_thread_in_native, id=5336, stack(0x000000000ff60000,0x0000000010060000)]
  0x0000000009846000 JavaThread "Service Thread" daemon [_thread_blocked, id=7004, stack(0x000000000b360000,0x000000000b460000)]
  0x0000000009843000 JavaThread "C2 CompilerThread1" daemon [_thread_blocked, id=1128, stack(0x000000000adb0000,0x000000000aeb0000)]
  0x000000000983e000 JavaThread "C2 CompilerThread0" daemon [_thread_blocked, id=6148, stack(0x000000000b0a0000,0x000000000b1a0000)]
  0x000000000983c800 JavaThread "Attach Listener" daemon [_thread_blocked, id=3132, stack(0x000000000aee0000,0x000000000afe0000)]
  0x0000000009835800 JavaThread "Signal Dispatcher" daemon [_thread_blocked, id=4832, stack(0x000000000ac40000,0x000000000ad40000)]
  0x00000000097e5800 JavaThread "Finalizer" daemon [_thread_blocked, id=6248, stack(0x000000000a7d0000,0x000000000a8d0000)]
  0x00000000097dc800 JavaThread "Reference Handler" daemon [_thread_blocked, id=7080, stack(0x000000000aaa0000,0x000000000aba0000)]
=>0x000000000264d800 JavaThread "main" [_thread_in_native, id=6156, stack(0x0000000002540000,0x0000000002640000)]

Other Threads:
  0x00000000097d6000 VMThread [stack: 0x000000000a8e0000,0x000000000a9e0000] [id=5524]
  0x000000000985b000 WatcherThread [stack: 0x000000000b4f0000,0x000000000b5f0000] [id=5800]

VM state:not at safepoint (normal execution)

VM Mutex/Monitor currently owned by a thread: None

Heap
 PSYoungGen      total 28672K, used 27972K [0x00000000e0100000, 0x00000000e2100000, 0x0000000100000000)
  eden space 24576K, 97% used [0x00000000e0100000,0x00000000e18668b0,0x00000000e1900000)
  from space 4096K, 97% used [0x00000000e1d00000,0x00000000e20ea820,0x00000000e2100000)
  to   space 4096K, 0% used [0x00000000e1900000,0x00000000e1900000,0x00000000e1d00000)
 ParOldGen       total 65024K, used 23724K [0x00000000a0400000, 0x00000000a4380000, 0x00000000e0100000)
  object space 65024K, 36% used [0x00000000a0400000,0x00000000a1b2b378,0x00000000a4380000)
 PSPermGen       total 21504K, used 9132K [0x000000009b200000, 0x000000009c700000, 0x00000000a0400000)
  object space 21504K, 42% used [0x000000009b200000,0x000000009baeb1e8,0x000000009c700000)

Card table byte_map: [0x0000000005650000,0x0000000005980000] byte_map_base: 0x0000000005177000

Polling page: 0x0000000000100000

Code Cache  [0x0000000002650000, 0x00000000028c0000, 0x0000000005650000)
 total_blobs=569 nmethods=96 adapters=426 free_code_cache=48346Kb largest_free_block=49482944

Compilation events (10 events):
Event: 1.961 Thread 0x000000000983e000 nmethod 91 0x0000000002716f10 code [0x0000000002717060, 0x0000000002717ca8]
Event: 1.961 Thread 0x0000000009843000 nmethod 92 0x0000000002714250 code [0x0000000002714380, 0x0000000002714538]
Event: 1.988 Thread 0x000000000983e000   93             java.lang.String::regionMatches (149 bytes)
Event: 1.988 Thread 0x0000000009843000   94             java.lang.String::toUpperCase (439 bytes)
Event: 1.993 Thread 0x000000000983e000 nmethod 93 0x0000000002716310 code [0x00000000027164a0, 0x00000000027168f0]
Event: 1.993 Thread 0x000000000983e000   95             java.lang.Character::toUpperCaseEx (30 bytes)
Event: 1.994 Thread 0x000000000983e000 nmethod 95 0x0000000002713e10 code [0x0000000002713f60, 0x00000000027140b8]
Event: 1.994 Thread 0x000000000983e000   96             java.lang.CharacterDataLatin1::toUpperCaseEx (71 bytes)
Event: 1.994 Thread 0x000000000983e000 nmethod 96 0x0000000002716050 code [0x0000000002716180, 0x0000000002716258]
Event: 2.011 Thread 0x0000000009843000 nmethod 94 0x000000000271ab50 code [0x000000000271ad60, 0x000000000271bd50]

GC Heap History (4 events):
Event: 0.995 GC heap before
{Heap before GC invocations=1 (full 0):
 PSYoungGen      total 28672K, used 24576K [0x00000000e0100000, 0x00000000e2100000, 0x0000000100000000)
  eden space 24576K, 100% used [0x00000000e0100000,0x00000000e1900000,0x00000000e1900000)
  from space 4096K, 0% used [0x00000000e1d00000,0x00000000e1d00000,0x00000000e2100000)
  to   space 4096K, 0% used [0x00000000e1900000,0x00000000e1900000,0x00000000e1d00000)
 ParOldGen       total 65024K, used 0K [0x00000000a0400000, 0x00000000a4380000, 0x00000000e0100000)
  object space 65024K, 0% used [0x00000000a0400000,0x00000000a0400000,0x00000000a4380000)
 PSPermGen       total 21504K, used 8510K [0x000000009b200000, 0x000000009c700000, 0x00000000a0400000)
  object space 21504K, 39% used [0x000000009b200000,0x000000009ba4f858,0x000000009c700000)
Event: 1.002 GC heap after
Heap after GC invocations=1 (full 0):
 PSYoungGen      total 28672K, used 4091K [0x00000000e0100000, 0x00000000e2100000, 0x0000000100000000)
  eden space 24576K, 0% used [0x00000000e0100000,0x00000000e0100000,0x00000000e1900000)
  from space 4096K, 99% used [0x00000000e1900000,0x00000000e1cfef58,0x00000000e1d00000)
  to   space 4096K, 0% used [0x00000000e1d00000,0x00000000e1d00000,0x00000000e2100000)
 ParOldGen       total 65024K, used 10750K [0x00000000a0400000, 0x00000000a4380000, 0x00000000e0100000)
  object space 65024K, 16% used [0x00000000a0400000,0x00000000a0e7fb28,0x00000000a4380000)
 PSPermGen       total 21504K, used 8510K [0x000000009b200000, 0x000000009c700000, 0x00000000a0400000)
  object space 21504K, 39% used [0x000000009b200000,0x000000009ba4f858,0x000000009c700000)
}
Event: 1.553 GC heap before
{Heap before GC invocations=2 (full 0):
 PSYoungGen      total 28672K, used 28667K [0x00000000e0100000, 0x00000000e2100000, 0x0000000100000000)
  eden space 24576K, 100% used [0x00000000e0100000,0x00000000e1900000,0x00000000e1900000)
  from space 4096K, 99% used [0x00000000e1900000,0x00000000e1cfef58,0x00000000e1d00000)
  to   space 4096K, 0% used [0x00000000e1d00000,0x00000000e1d00000,0x00000000e2100000)
 ParOldGen       total 65024K, used 10750K [0x00000000a0400000, 0x00000000a4380000, 0x00000000e0100000)
  object space 65024K, 16% used [0x00000000a0400000,0x00000000a0e7fb28,0x00000000a4380000)
 PSPermGen       total 21504K, used 8554K [0x000000009b200000, 0x000000009c700000, 0x00000000a0400000)
  object space 21504K, 39% used [0x000000009b200000,0x000000009ba5a8e0,0x000000009c700000)
Event: 1.560 GC heap after
Heap after GC invocations=2 (full 0):
 PSYoungGen      total 28672K, used 4010K [0x00000000e0100000, 0x00000000e2100000, 0x0000000100000000)
  eden space 24576K, 0% used [0x00000000e0100000,0x00000000e0100000,0x00000000e1900000)
  from space 4096K, 97% used [0x00000000e1d00000,0x00000000e20ea820,0x00000000e2100000)
  to   space 4096K, 0% used [0x00000000e1900000,0x00000000e1900000,0x00000000e1d00000)
 ParOldGen       total 65024K, used 23724K [0x00000000a0400000, 0x00000000a4380000, 0x00000000e0100000)
  object space 65024K, 36% used [0x00000000a0400000,0x00000000a1b2b378,0x00000000a4380000)
 PSPermGen       total 21504K, used 8554K [0x000000009b200000, 0x000000009c700000, 0x00000000a0400000)
  object space 21504K, 39% used [0x000000009b200000,0x000000009ba5a8e0,0x000000009c700000)
}

Deoptimization events (6 events):
Event: 1.009 Thread 0x000000000264d800 Uncommon trap: reason=unreached action=reinterpret pc=0x00000000026fd67c method=java.awt.image.ComponentColorModel.getDataElements(ILjava/lang/Object;)Ljava/lang/Object; @ 2993
Event: 1.009 Thread 0x000000000264d800 Uncommon trap: reason=unreached action=reinterpret pc=0x00000000026e6d64 method=sun.awt.image.ByteInterleavedRaster.getDataElements(IILjava/lang/Object;)Ljava/lang/Object; @ 43
Event: 1.841 Thread 0x000000000264d800 Uncommon trap: reason=class_check action=maybe_recompile pc=0x00000000026d46c0 method=java.util.Properties$LineReader.readLine()I @ 62
Event: 1.841 Thread 0x000000000264d800 Uncommon trap: reason=class_check action=maybe_recompile pc=0x00000000026d46c0 method=java.util.Properties$LineReader.readLine()I @ 62
Event: 1.924 Thread 0x000000000264d800 Uncommon trap: reason=unloaded action=reinterpret pc=0x000000000270c924 method=org.sqlite.SQLiteJDBCLoader.md5sum(Ljava/io/InputStream;)Ljava/lang/String; @ 35
Event: 1.924 Thread 0x000000000264d800 Uncommon trap: reason=unreached action=reinterpret pc=0x000000000270d1f0 method=sun.security.provider.DigestBase.engineUpdate(B)V @ 4

Internal exceptions (10 events):
Event: 1.975 Thread 0x000000000264d800 Threw 0x00000000e03361e8 at C:\re\jdk7u45\229\hotspot\src\share\vm\prims\jvm.cpp:1244
Event: 1.977 Thread 0x000000000264d800 Threw 0x00000000e0340c20 at C:\re\jdk7u45\229\hotspot\src\share\vm\prims\jvm.cpp:1244
Event: 1.979 Thread 0x000000000264d800 Threw 0x00000000e034c4e8 at C:\re\jdk7u45\229\hotspot\src\share\vm\prims\jvm.cpp:1244
Event: 1.981 Thread 0x000000000264d800 Threw 0x00000000e0351380 at C:\re\jdk7u45\229\hotspot\src\share\vm\prims\jvm.cpp:1244
Event: 1.981 Thread 0x000000000264d800 Threw 0x00000000e03536d8 at C:\re\jdk7u45\229\hotspot\src\share\vm\prims\jvm.cpp:1244
Event: 1.996 Thread 0x000000000264d800 Threw 0x00000000e0384ea8 at C:\re\jdk7u45\229\hotspot\src\share\vm\prims\jvm.cpp:1244
Event: 1.997 Thread 0x000000000264d800 Threw 0x00000000e0388538 at C:\re\jdk7u45\229\hotspot\src\share\vm\prims\jvm.cpp:1244
Event: 1.998 Thread 0x000000000264d800 Threw 0x00000000e038c5c0 at C:\re\jdk7u45\229\hotspot\src\share\vm\prims\jvm.cpp:1244
Event: 2.003 Thread 0x000000000264d800 Threw 0x00000000e03964c8 at C:\re\jdk7u45\229\hotspot\src\share\vm\prims\jvm.cpp:1244
Event: 2.063 Thread 0x000000000264d800 Threw 0x00000000e1802d88 at C:\re\jdk7u45\229\hotspot\src\share\vm\prims\jvm.cpp:1244

Events (10 events):
Event: 1.996 loading class 0x000000000b970530
Event: 1.996 loading class 0x000000000b970530 done
Event: 1.997 loading class 0x000000000b9eb180
Event: 1.997 loading class 0x000000000b9eb180 done
Event: 1.998 loading class 0x000000000b970b00
Event: 1.998 loading class 0x000000000b970b00 done
Event: 2.003 loading class 0x000000000b7b84d0
Event: 2.003 loading class 0x000000000b7b84d0 done
Event: 2.063 loading class 0x000000000b7b91f0
Event: 2.063 loading class 0x000000000b7b91f0 done


Dynamic libraries:
0x000000013fdc0000 - 0x000000013fdf3000 	C:\Program Files\Java\jdk1.7.0_45\bin\java.exe
0x0000000077160000 - 0x0000000077309000 	C:\Windows\SYSTEM32\ntdll.dll
0x0000000077040000 - 0x000000007715f000 	C:\Windows\system32\kernel32.dll
0x000007fefd200000 - 0x000007fefd26b000 	C:\Windows\system32\KERNELBASE.dll
0x000007fefec30000 - 0x000007fefed0b000 	C:\Windows\system32\ADVAPI32.dll
0x000007fefdb40000 - 0x000007fefdbdf000 	C:\Windows\system32\msvcrt.dll
0x000007fefd4c0000 - 0x000007fefd4df000 	C:\Windows\SYSTEM32\sechost.dll
0x000007fefed40000 - 0x000007fefee6d000 	C:\Windows\system32\RPCRT4.dll
0x0000000076f40000 - 0x000000007703a000 	C:\Windows\system32\USER32.dll
0x000007fefd340000 - 0x000007fefd3a7000 	C:\Windows\system32\GDI32.dll
0x000007fefd430000 - 0x000007fefd43e000 	C:\Windows\system32\LPK.dll
0x000007feff300000 - 0x000007feff3c9000 	C:\Windows\system32\USP10.dll
0x000007fefb360000 - 0x000007fefb554000 	C:\Windows\WinSxS\amd64_microsoft.windows.common-controls_6595b64144ccf1df_6.0.7601.17514_none_fa396087175ac9ac\COMCTL32.dll
0x000007fefdd40000 - 0x000007fefddb1000 	C:\Windows\system32\SHLWAPI.dll
0x000007fefed10000 - 0x000007fefed3e000 	C:\Windows\system32\IMM32.DLL
0x000007fefd720000 - 0x000007fefd829000 	C:\Windows\system32\MSCTF.dll
0x0000000066270000 - 0x0000000066342000 	C:\Program Files\Java\jdk1.7.0_45\jre\bin\msvcr100.dll
0x0000000066350000 - 0x0000000066b19000 	C:\Program Files\Java\jdk1.7.0_45\jre\bin\server\jvm.dll
0x000007fef31a0000 - 0x000007fef31a9000 	C:\Windows\system32\WSOCK32.dll
0x000007fefdae0000 - 0x000007fefdb2d000 	C:\Windows\system32\WS2_32.dll
0x000007fefdb30000 - 0x000007fefdb38000 	C:\Windows\system32\NSI.dll
0x000007fefaaa0000 - 0x000007fefaadb000 	C:\Windows\system32\WINMM.dll
0x0000000077320000 - 0x0000000077327000 	C:\Windows\system32\PSAPI.DLL
0x0000000073cd0000 - 0x0000000073cdf000 	C:\Program Files\Java\jdk1.7.0_45\jre\bin\verify.dll
0x0000000071ed0000 - 0x0000000071ef8000 	C:\Program Files\Java\jdk1.7.0_45\jre\bin\java.dll
0x0000000071eb0000 - 0x0000000071ec5000 	C:\Program Files\Java\jdk1.7.0_45\jre\bin\zip.dll
0x0000000180000000 - 0x0000000180050000 	D:\Programmation\Jeu ROTMG Like\natives\lwjgl64.dll
0x000007fef4330000 - 0x000007fef444d000 	C:\Windows\system32\OPENGL32.dll
0x000007fef55a0000 - 0x000007fef55cd000 	C:\Windows\system32\GLU32.dll
0x000007fef0f20000 - 0x000007fef1011000 	C:\Windows\system32\DDRAW.dll
0x000007fefa7a0000 - 0x000007fefa7a8000 	C:\Windows\system32\DCIMAN32.dll
0x000007fefee70000 - 0x000007feff047000 	C:\Windows\system32\SETUPAPI.dll
0x000007fefd300000 - 0x000007fefd336000 	C:\Windows\system32\CFGMGR32.dll
0x000007fefeb50000 - 0x000007fefec27000 	C:\Windows\system32\OLEAUT32.dll
0x000007feff050000 - 0x000007feff253000 	C:\Windows\system32\ole32.dll
0x000007fefd1e0000 - 0x000007fefd1fa000 	C:\Windows\system32\DEVOBJ.dll
0x000007fefac50000 - 0x000007fefac68000 	C:\Windows\system32\dwmapi.dll
0x000007fefbfa0000 - 0x000007fefbfac000 	C:\Windows\system32\VERSION.dll
0x000000006fcc0000 - 0x000000006fcd9000 	C:\Program Files\Java\jdk1.7.0_45\jre\bin\net.dll
0x000007fefc690000 - 0x000007fefc6e5000 	C:\Windows\system32\mswsock.dll
0x000007fefc680000 - 0x000007fefc687000 	C:\Windows\System32\wship6.dll
0x0000000066210000 - 0x0000000066221000 	C:\Program Files\Java\jdk1.7.0_45\jre\bin\nio.dll
0x000007fefb030000 - 0x000007fefb086000 	C:\Windows\system32\uxtheme.dll
0x00000000597f0000 - 0x000000005b515000 	C:\Windows\system32\nvoglv64.DLL
0x000007fefddc0000 - 0x000007fefeb48000 	C:\Windows\system32\SHELL32.dll
0x000007fefd270000 - 0x000007fefd2aa000 	C:\Windows\system32\WINTRUST.dll
0x000007fefcfd0000 - 0x000007fefd13c000 	C:\Windows\system32\CRYPT32.dll
0x000007fefcfb0000 - 0x000007fefcfbf000 	C:\Windows\system32\MSASN1.dll
0x000007fefbb90000 - 0x000007fefbbbd000 	C:\Windows\system32\ntmarta.dll
0x000007fefd460000 - 0x000007fefd4b2000 	C:\Windows\system32\WLDAP32.dll
0x000007fefcf00000 - 0x000007fefcf0f000 	C:\Windows\system32\CRYPTBASE.dll
0x000007fef9c20000 - 0x000007fef9cbc000 	C:\Windows\system32\mscms.dll
0x000007fefc1a0000 - 0x000007fefc1be000 	C:\Windows\system32\USERENV.dll
0x000007fefcf10000 - 0x000007fefcf1f000 	C:\Windows\system32\profapi.dll
0x000007fef4790000 - 0x000007fef47d2000 	C:\Windows\system32\icm32.dll
0x0000000066070000 - 0x0000000066205000 	C:\Program Files\Java\jdk1.7.0_45\jre\bin\awt.dll
0x0000000002510000 - 0x0000000002526000 	D:\Programmation\Jeu ROTMG Like\natives\jinput-dx8_64.dll
0x000007fef54f0000 - 0x000007fef552c000 	C:\Windows\system32\DINPUT8.dll
0x000007fefac70000 - 0x000007fefac7b000 	C:\Windows\system32\HID.DLL
0x0000000005b80000 - 0x0000000005b94000 	D:\Programmation\Jeu ROTMG Like\natives\jinput-raw_64.dll
0x000007fefc6f0000 - 0x000007fefc707000 	C:\Windows\system32\CRYPTSP.dll
0x000007fefc3f0000 - 0x000007fefc437000 	C:\Windows\system32\rsaenh.dll
0x000007fefb340000 - 0x000007fefb355000 	C:\Windows\system32\NLAapi.dll
0x000007fef7730000 - 0x000007fef7745000 	C:\Windows\system32\napinsp.dll
0x000007fef7710000 - 0x000007fef7729000 	C:\Windows\system32\pnrpnsp.dll
0x000007fefc510000 - 0x000007fefc56b000 	C:\Windows\system32\DNSAPI.dll
0x000007fef77d0000 - 0x000007fef77db000 	C:\Windows\System32\winrnr.dll
0x0000000070ac0000 - 0x0000000070ae6000 	C:\Program Files\Bonjour\mdnsNSP.dll
0x000007fefab90000 - 0x000007fefabb7000 	C:\Windows\system32\Iphlpapi.DLL
0x000007fefab80000 - 0x000007fefab8b000 	C:\Windows\system32\WINNSI.DLL
0x000007fefc070000 - 0x000007fefc077000 	C:\Windows\System32\wshtcpip.dll
0x000007fef8f90000 - 0x000007fef8f98000 	C:\Windows\system32\rasadhlp.dll
0x000007fefaa40000 - 0x000007fefaa93000 	C:\Windows\System32\fwpuclnt.dll
0x0000000069340000 - 0x00000000693c5000 	C:\Users\Ludovic\AppData\Local\Temp\sqlite-3.7.2-sqlitejdbc.dll
0x000007fef75e0000 - 0x000007fef7705000 	C:\Windows\system32\dbghelp.dll

VM Arguments:
jvm_args: -Dfile.encoding=UTF-8 -Djava.library.path=./natives 
java_command: Main.StartApp
Launcher Type: SUN_STANDARD

Environment Variables:
PATH=C:\Program Files (x86)\NVIDIA Corporation\PhysX\Common;C:\Windows\system32;C:\Windows;C:\Windows\System32\Wbem;C:\Windows\System32\WindowsPowerShell\v1.0\;C:\Program Files\Intel\DMIX;C:\Program Files (x86)\MySQL\MySQL Utilities 1.3.5\
USERNAME=Ludovic
OS=Windows_NT
PROCESSOR_IDENTIFIER=Intel64 Family 6 Model 42 Stepping 7, GenuineIntel



---------------  S Y S T E M  ---------------

OS: Windows 7 , 64 bit Build 7601 Service Pack 1

CPU:total 4 (2 cores per cpu, 2 threads per core) family 6 model 42 stepping 7, cmov, cx8, fxsr, mmx, sse, sse2, sse3, ssse3, sse4.1, sse4.2, popcnt, avx, ht, tsc, tscinvbit

Memory: 4k page, physical 6273032k(3351236k free), swap 12544200k(8815484k free)

vm_info: Java HotSpot(TM) 64-Bit Server VM (24.45-b08) for windows-amd64 JRE (1.7.0_45-b18), built on Oct  8 2013 05:47:22 by "java_re" with unknown MS VC++:1600

time: Thu Jan 23 00:31:41 2014
elapsed time: 2 seconds

