#
# A fatal error has been detected by the Java Runtime Environment:
#
#  EXCEPTION_ACCESS_VIOLATION (0xc0000005) at pc=0x000000000d811c5a, pid=2904, tid=4516
#
# JRE version: Java(TM) SE Runtime Environment (7.0_40-b43) (build 1.7.0_40-b43)
# Java VM: Java HotSpot(TM) 64-Bit Server VM (24.0-b56 mixed mode windows-amd64 compressed oops)
# Problematic frame:
# C  [ig7icd64.dll+0x1e1c5a]
#
# Failed to write core dump. Minidumps are not enabled by default on client versions of Windows
#
# If you would like to submit a bug report, please visit:
#   http://bugreport.sun.com/bugreport/crash.jsp
# The crash happened outside the Java Virtual Machine in native code.
# See problematic frame for where to report the bug.
#

---------------  T H R E A D  ---------------

Current thread (0x000000000269e000):  JavaThread "main" [_thread_in_native, id=4516, stack(0x0000000002a90000,0x0000000002b90000)]

siginfo: ExceptionCode=0xc0000005, reading address 0x00000000115a9002

Registers:
RAX=0x0000000000000002, RBX=0x000000000e35e2f0, RCX=0x0000000000000000, RDX=0x0000000000000004
RSP=0x0000000002b8e800, RBP=0x0000000000000004, RSI=0x0000000002b8e9c0, RDI=0x00000000115a9000
R8 =0x00000000000000ff, R9 =0x000000000e35e2f0, R10=0x000000000e81fe18, R11=0x0000000002b8e948
R12=0x00000000115a9000, R13=0x0000000015ea3e00, R14=0x0000000000000003, R15=0x0000000015ea3e00
RIP=0x000000000d811c5a, EFLAGS=0x0000000000010246

Top of Stack: (sp=0x0000000002b8e800)
0x0000000002b8e800:   0002f0000002fe10 0000001c00000010
0x0000000002b8e810:   0003000000030010 0000000000000010
0x0000000002b8e820:   0000000000000000 0000000000000000
0x0000000002b8e830:   0000000000000000 3ff0000000000000
0x0000000002b8e840:   0000000000000003 0000000000000004
0x0000000002b8e850:   0000000200000004 0000000000000002
0x0000000002b8e860:   4338000000000000 4338000000000000
0x0000000002b8e870:   0000000000000000 0000000000000000
0x0000000002b8e880:   0000000000000000 0000000000000000
0x0000000002b8e890:   0000000000000000 0000000000000000
0x0000000002b8e8a0:   0000000000000000 0000000000000000
0x0000000002b8e8b0:   0000000000000000 0000000000000000
0x0000000002b8e8c0:   0000000000000000 0000000000000000
0x0000000002b8e8d0:   0000000000000000 0000000000000000
0x0000000002b8e8e0:   0000000000000000 0000000000000000
0x0000000002b8e8f0:   0000000000000000 0000000000000000 

Instructions: (pc=0x000000000d811c5a)
0x000000000d811c3a:   83 f9 01 75 7d 0f b6 47 03 66 0f 6e c0 0f b7 43
0x000000000d811c4a:   0a f3 0f e6 c0 f2 41 0f 59 c0 f2 0f 11 44 c4 20
0x000000000d811c5a:   0f b6 47 02 66 0f 6e c0 0f b7 43 08 f3 0f e6 c0
0x000000000d811c6a:   f2 41 0f 59 c0 f2 0f 11 44 c4 20 0f b6 47 01 66 


Register to memory mapping:

RAX=0x0000000000000002 is an unknown value
RBX=0x000000000e35e2f0 is an unknown value
RCX=0x0000000000000000 is an unknown value
RDX=0x0000000000000004 is an unknown value
RSP=0x0000000002b8e800 is pointing into the stack for thread: 0x000000000269e000
RBP=0x0000000000000004 is an unknown value
RSI=0x0000000002b8e9c0 is pointing into the stack for thread: 0x000000000269e000
RDI=0x00000000115a9000 is an unknown value
R8 =0x00000000000000ff is an unknown value
R9 =0x000000000e35e2f0 is an unknown value
R10=0x000000000e81fe18 is an unknown value
R11=0x0000000002b8e948 is pointing into the stack for thread: 0x000000000269e000
R12=0x00000000115a9000 is an unknown value
R13=0x0000000015ea3e00 is an unknown value
R14=0x0000000000000003 is an unknown value
R15=0x0000000015ea3e00 is an unknown value


Stack: [0x0000000002a90000,0x0000000002b90000],  sp=0x0000000002b8e800,  free space=1018k
Native frames: (J=compiled Java code, j=interpreted, Vv=VM code, C=native code)
C  [ig7icd64.dll+0x1e1c5a]

Java frames: (J=compiled Java code, j=interpreted, Vv=VM code)
j  org.lwjgl.opengl.GL11.nglTexImage2D(IIIIIIIIJJ)V+0
j  org.lwjgl.opengl.GL11.glTexImage2D(IIIIIIIILjava/nio/ByteBuffer;)V+63
j  org.newdawn.slick.opengl.renderer.ImmediateModeOGLRenderer.glTexImage2D(IIIIIIIILjava/nio/ByteBuffer;)V+15
j  org.newdawn.slick.opengl.InternalTextureLoader.getTexture(Ljava/io/InputStream;Ljava/lang/String;IIIZ[I)Lorg/newdawn/slick/opengl/TextureImpl;+317
j  org.newdawn.slick.opengl.InternalTextureLoader.getTexture(Ljava/io/InputStream;Ljava/lang/String;ZI[I)Lorg/newdawn/slick/opengl/TextureImpl;+238
j  org.newdawn.slick.opengl.InternalTextureLoader.getTexture(Ljava/lang/String;ZI[I)Lorg/newdawn/slick/opengl/Texture;+14
j  org.newdawn.slick.Image.<init>(Ljava/lang/String;ZILorg/newdawn/slick/Color;)V+119
j  org.newdawn.slick.Image.<init>(Ljava/lang/String;ZI)V+5
j  org.newdawn.slick.Image.<init>(Ljava/lang/String;Z)V+4
j  org.newdawn.slick.Image.<init>(Ljava/lang/String;)V+3
j  Carte.Mur.<init>(I)V+83
j  Carte.Carte.<init>(I)V+130
j  Scenes.SceneVillage.<init>(LPersonnages/Personnage;)V+31
j  Scenes.SceneNewGame.CustomUpdate(Lorg/newdawn/slick/GameContainer;I)V+482
j  Scenes.Scene.update(Lorg/newdawn/slick/GameContainer;I)V+13
j  Scenes.SceneManager.update(Lorg/newdawn/slick/GameContainer;I)V+30
j  Main.Game.update(Lorg/newdawn/slick/GameContainer;I)V+5
j  org.newdawn.slick.GameContainer.updateAndRender(I)V+193
j  org.newdawn.slick.AppGameContainer.gameLoop()V+33
j  org.newdawn.slick.AppGameContainer.start()V+17
j  Main.StartApp.main([Ljava/lang/String;)V+38
v  ~StubRoutines::call_stub

---------------  P R O C E S S  ---------------

Java Threads: ( => current thread )
  0x0000000010e21800 JavaThread "LWJGL Timer" daemon [_thread_blocked, id=4832, stack(0x00000000138b0000,0x00000000139b0000)]
  0x000000000b621800 JavaThread "Java2D Disposer" daemon [_thread_blocked, id=4844, stack(0x00000000139e0000,0x0000000013ae0000)]
  0x000000000b5b9000 JavaThread "Thread-2" daemon [_thread_in_native, id=7148, stack(0x0000000011d70000,0x0000000011e70000)]
  0x000000000a2be000 JavaThread "Service Thread" daemon [_thread_blocked, id=5276, stack(0x000000000cf40000,0x000000000d040000)]
  0x000000000a2b8000 JavaThread "C2 CompilerThread1" daemon [_thread_blocked, id=5068, stack(0x000000000cde0000,0x000000000cee0000)]
  0x000000000a2b1000 JavaThread "C2 CompilerThread0" daemon [_thread_blocked, id=7112, stack(0x000000000cc30000,0x000000000cd30000)]
  0x000000000a2af800 JavaThread "Attach Listener" daemon [_thread_blocked, id=4972, stack(0x000000000c9a0000,0x000000000caa0000)]
  0x000000000a2ae800 JavaThread "Signal Dispatcher" daemon [_thread_blocked, id=2572, stack(0x000000000c860000,0x000000000c960000)]
  0x00000000028cc000 JavaThread "Finalizer" daemon [_thread_blocked, id=7064, stack(0x000000000c710000,0x000000000c810000)]
  0x00000000028c3000 JavaThread "Reference Handler" daemon [_thread_blocked, id=6108, stack(0x000000000c410000,0x000000000c510000)]
=>0x000000000269e000 JavaThread "main" [_thread_in_native, id=4516, stack(0x0000000002a90000,0x0000000002b90000)]

Other Threads:
  0x000000000a29e800 VMThread [stack: 0x000000000c550000,0x000000000c650000] [id=7016]
  0x000000000a2bf000 WatcherThread [stack: 0x000000000d070000,0x000000000d170000] [id=4456]

VM state:not at safepoint (normal execution)

VM Mutex/Monitor currently owned by a thread: None

Heap
 PSYoungGen      total 53760K, used 29632K [0x00000000e0900000, 0x00000000e4100000, 0x0000000100000000)
  eden space 50176K, 51% used [0x00000000e0900000,0x00000000e22759d8,0x00000000e3a00000)
  from space 3584K, 99% used [0x00000000e3d80000,0x00000000e40fa820,0x00000000e4100000)
  to   space 3584K, 0% used [0x00000000e3a00000,0x00000000e3a00000,0x00000000e3d80000)
 ParOldGen       total 64000K, used 29597K [0x00000000a1c00000, 0x00000000a5a80000, 0x00000000e0900000)
  object space 64000K, 46% used [0x00000000a1c00000,0x00000000a38e77a0,0x00000000a5a80000)
 PSPermGen       total 21504K, used 9137K [0x000000009ca00000, 0x000000009df00000, 0x00000000a1c00000)
  object space 21504K, 42% used [0x000000009ca00000,0x000000009d2ec798,0x000000009df00000)

Card table byte_map: [0x0000000005b90000,0x0000000005eb0000] byte_map_base: 0x00000000056ab000

Polling page: 0x0000000000150000

Code Cache  [0x0000000002b90000, 0x0000000002e00000, 0x0000000005b90000)
 total_blobs=575 nmethods=104 adapters=424 free_code_cache=48350Kb largest_free_block=49473472

Compilation events (10 events):
Event: 4.448 Thread 0x000000000a2b1000 nmethod 100 0x0000000002c47d10 code [0x0000000002c47e40, 0x0000000002c47eb8]
Event: 4.448 Thread 0x000000000a2b1000  101             java.util.ArrayList::elementData (7 bytes)
Event: 4.449 Thread 0x000000000a2b1000 nmethod 101 0x0000000002c47a90 code [0x0000000002c47bc0, 0x0000000002c47c58]
Event: 4.449 Thread 0x000000000a2b1000  102             java.util.ArrayList::get (11 bytes)
Event: 4.450 Thread 0x000000000a2b1000 nmethod 102 0x0000000002c53fd0 code [0x0000000002c54100, 0x0000000002c54198]
Event: 4.450 Thread 0x000000000a2b1000  103             java.lang.Character::toUpperCaseEx (30 bytes)
Event: 4.452 Thread 0x000000000a2b1000 nmethod 103 0x0000000002c5be10 code [0x0000000002c5bf60, 0x0000000002c5c0d8]
Event: 4.452 Thread 0x000000000a2b1000  104             java.lang.CharacterDataLatin1::toUpperCaseEx (71 bytes)
Event: 4.453 Thread 0x000000000a2b1000 nmethod 104 0x0000000002c53d10 code [0x0000000002c53e40, 0x0000000002c53f18]
Event: 4.479 Thread 0x000000000a2b8000 nmethod 99 0x0000000002c5fe90 code [0x0000000002c600a0, 0x0000000002c60cd0]

GC Heap History (4 events):
Event: 2.049 GC heap before
{Heap before GC invocations=1 (full 0):
 PSYoungGen      total 28672K, used 25088K [0x00000000e0900000, 0x00000000e2880000, 0x0000000100000000)
  eden space 25088K, 100% used [0x00000000e0900000,0x00000000e2180000,0x00000000e2180000)
  from space 3584K, 0% used [0x00000000e2500000,0x00000000e2500000,0x00000000e2880000)
  to   space 3584K, 0% used [0x00000000e2180000,0x00000000e2180000,0x00000000e2500000)
 ParOldGen       total 64000K, used 0K [0x00000000a1c00000, 0x00000000a5a80000, 0x00000000e0900000)
  object space 64000K, 0% used [0x00000000a1c00000,0x00000000a1c00000,0x00000000a5a80000)
 PSPermGen       total 21504K, used 8490K [0x000000009ca00000, 0x000000009df00000, 0x00000000a1c00000)
  object space 21504K, 39% used [0x000000009ca00000,0x000000009d24a840,0x000000009df00000)
Event: 2.077 GC heap after
Heap after GC invocations=1 (full 0):
 PSYoungGen      total 28672K, used 3562K [0x00000000e0900000, 0x00000000e4100000, 0x0000000100000000)
  eden space 25088K, 0% used [0x00000000e0900000,0x00000000e0900000,0x00000000e2180000)
  from space 3584K, 99% used [0x00000000e2180000,0x00000000e24fa820,0x00000000e2500000)
  to   space 3584K, 0% used [0x00000000e3d80000,0x00000000e3d80000,0x00000000e4100000)
 ParOldGen       total 64000K, used 16115K [0x00000000a1c00000, 0x00000000a5a80000, 0x00000000e0900000)
  object space 64000K, 25% used [0x00000000a1c00000,0x00000000a2bbcc40,0x00000000a5a80000)
 PSPermGen       total 21504K, used 8490K [0x000000009ca00000, 0x000000009df00000, 0x00000000a1c00000)
  object space 21504K, 39% used [0x000000009ca00000,0x000000009d24a840,0x000000009df00000)
}
Event: 3.419 GC heap before
{Heap before GC invocations=2 (full 0):
 PSYoungGen      total 28672K, used 28650K [0x00000000e0900000, 0x00000000e4100000, 0x0000000100000000)
  eden space 25088K, 100% used [0x00000000e0900000,0x00000000e2180000,0x00000000e2180000)
  from space 3584K, 99% used [0x00000000e2180000,0x00000000e24fa820,0x00000000e2500000)
  to   space 3584K, 0% used [0x00000000e3d80000,0x00000000e3d80000,0x00000000e4100000)
 ParOldGen       total 64000K, used 16115K [0x00000000a1c00000, 0x00000000a5a80000, 0x00000000e0900000)
  object space 64000K, 25% used [0x00000000a1c00000,0x00000000a2bbcc40,0x00000000a5a80000)
 PSPermGen       total 21504K, used 8543K [0x000000009ca00000, 0x000000009df00000, 0x00000000a1c00000)
  object space 21504K, 39% used [0x000000009ca00000,0x000000009d257df0,0x000000009df00000)
Event: 3.432 GC heap after
Heap after GC invocations=2 (full 0):
 PSYoungGen      total 53760K, used 3562K [0x00000000e0900000, 0x00000000e4100000, 0x0000000100000000)
  eden space 50176K, 0% used [0x00000000e0900000,0x00000000e0900000,0x00000000e3a00000)
  from space 3584K, 99% used [0x00000000e3d80000,0x00000000e40fa820,0x00000000e4100000)
  to   space 3584K, 0% used [0x00000000e3a00000,0x00000000e3a00000,0x00000000e3d80000)
 ParOldGen       total 64000K, used 29597K [0x00000000a1c00000, 0x00000000a5a80000, 0x00000000e0900000)
  object space 64000K, 46% used [0x00000000a1c00000,0x00000000a38e77a0,0x00000000a5a80000)
 PSPermGen       total 21504K, used 8543K [0x000000009ca00000, 0x000000009df00000, 0x00000000a1c00000)
  object space 21504K, 39% used [0x000000009ca00000,0x000000009d257df0,0x000000009df00000)
}

Deoptimization events (6 events):
Event: 2.095 Thread 0x000000000269e000 Uncommon trap: reason=unreached action=reinterpret pc=0x0000000002c3cd0c method=java.awt.image.ComponentColorModel.getDataElements(ILjava/lang/Object;)Ljava/lang/Object; @ 2993
Event: 2.096 Thread 0x000000000269e000 Uncommon trap: reason=unreached action=reinterpret pc=0x0000000002c24ea4 method=sun.awt.image.ByteInterleavedRaster.getDataElements(IILjava/lang/Object;)Ljava/lang/Object; @ 43
Event: 4.112 Thread 0x000000000269e000 Uncommon trap: reason=class_check action=maybe_recompile pc=0x0000000002c1714c method=java.util.Properties$LineReader.readLine()I @ 62
Event: 4.113 Thread 0x000000000269e000 Uncommon trap: reason=class_check action=maybe_recompile pc=0x0000000002c1714c method=java.util.Properties$LineReader.readLine()I @ 62
Event: 4.304 Thread 0x000000000269e000 Uncommon trap: reason=unloaded action=reinterpret pc=0x0000000002c484e0 method=org.sqlite.SQLiteJDBCLoader.md5sum(Ljava/io/InputStream;)Ljava/lang/String; @ 35
Event: 4.305 Thread 0x000000000269e000 Uncommon trap: reason=unreached action=reinterpret pc=0x0000000002c43430 method=sun.security.provider.DigestBase.engineUpdate(B)V @ 4

Internal exceptions (10 events):
Event: 4.424 Thread 0x000000000269e000 Threw 0x00000000e0d1fbc0 at C:\jdk7u2_64p\jdk7u40\hotspot\src\share\vm\prims\jvm.cpp:1244
Event: 4.430 Thread 0x000000000269e000 Threw 0x00000000e0d2b3d8 at C:\jdk7u2_64p\jdk7u40\hotspot\src\share\vm\prims\jvm.cpp:1244
Event: 4.433 Thread 0x000000000269e000 Threw 0x00000000e0d30148 at C:\jdk7u2_64p\jdk7u40\hotspot\src\share\vm\prims\jvm.cpp:1244
Event: 4.434 Thread 0x000000000269e000 Threw 0x00000000e0d33378 at C:\jdk7u2_64p\jdk7u40\hotspot\src\share\vm\prims\jvm.cpp:1244
Event: 4.489 Thread 0x000000000269e000 Threw 0x00000000e0d6d9a0 at C:\jdk7u2_64p\jdk7u40\hotspot\src\share\vm\prims\jvm.cpp:1244
Event: 4.490 Thread 0x000000000269e000 Threw 0x00000000e0d70f70 at C:\jdk7u2_64p\jdk7u40\hotspot\src\share\vm\prims\jvm.cpp:1244
Event: 4.493 Thread 0x000000000269e000 Threw 0x00000000e0d74e90 at C:\jdk7u2_64p\jdk7u40\hotspot\src\share\vm\prims\jvm.cpp:1244
Event: 4.560 Thread 0x000000000269e000 Threw 0x00000000e0d7ec98 at C:\jdk7u2_64p\jdk7u40\hotspot\src\share\vm\prims\jvm.cpp:1244
Event: 4.561 Thread 0x000000000269e000 Threw 0x00000000e0d80ce0 at C:\jdk7u2_64p\jdk7u40\hotspot\src\share\vm\prims\jvm.cpp:1244
Event: 4.778 Thread 0x000000000269e000 Threw 0x00000000e21ed168 at C:\jdk7u2_64p\jdk7u40\hotspot\src\share\vm\prims\jvm.cpp:1244

Events (10 events):
Event: 4.490 loading class 0x0000000010e1fcb0
Event: 4.490 loading class 0x0000000010e1fcb0 done
Event: 4.493 loading class 0x000000000b7be330
Event: 4.493 loading class 0x000000000b7be330 done
Event: 4.560 loading class 0x000000000b7bd6d0
Event: 4.560 loading class 0x000000000b7bd6d0 done
Event: 4.561 loading class 0x000000000b7343f0
Event: 4.561 loading class 0x000000000b7343f0 done
Event: 4.778 loading class 0x000000000b735890
Event: 4.778 loading class 0x000000000b735890 done


Dynamic libraries:
0x000000013ff50000 - 0x000000013ff83000 	C:\Program Files\Java\jdk1.7.0_40\jre\bin\java.exe
0x0000000077710000 - 0x00000000778b9000 	C:\Windows\SYSTEM32\ntdll.dll
0x00000000774f0000 - 0x000000007760f000 	C:\Windows\system32\kernel32.dll
0x000007fefd850000 - 0x000007fefd8bb000 	C:\Windows\system32\KERNELBASE.dll
0x000007fefdfd0000 - 0x000007fefe0ab000 	C:\Windows\system32\ADVAPI32.dll
0x000007fefe250000 - 0x000007fefe2ef000 	C:\Windows\system32\msvcrt.dll
0x000007fefdfb0000 - 0x000007fefdfcf000 	C:\Windows\SYSTEM32\sechost.dll
0x000007fefd970000 - 0x000007fefda9d000 	C:\Windows\system32\RPCRT4.dll
0x0000000077610000 - 0x000000007770a000 	C:\Windows\system32\USER32.dll
0x000007feff9b0000 - 0x000007feffa17000 	C:\Windows\system32\GDI32.dll
0x000007fefe5d0000 - 0x000007fefe5de000 	C:\Windows\system32\LPK.dll
0x000007fefe180000 - 0x000007fefe249000 	C:\Windows\system32\USP10.dll
0x000007fefba40000 - 0x000007fefbc34000 	C:\Windows\WinSxS\amd64_microsoft.windows.common-controls_6595b64144ccf1df_6.0.7601.17514_none_fa396087175ac9ac\COMCTL32.dll
0x000007fefd8f0000 - 0x000007fefd961000 	C:\Windows\system32\SHLWAPI.dll
0x000007fefd340000 - 0x000007fefd397000 	C:\Windows\system32\apphelp.dll
0x000007fef31b0000 - 0x000007fef3201000 	C:\Windows\AppPatch\AppPatch64\AcGenral.DLL
0x000007fefd310000 - 0x000007fefd335000 	C:\Windows\system32\SspiCli.dll
0x000007fefdaa0000 - 0x000007fefdca3000 	C:\Windows\system32\ole32.dll
0x000007fefebc0000 - 0x000007feff948000 	C:\Windows\system32\SHELL32.dll
0x0000000070df0000 - 0x0000000070df3000 	C:\Windows\system32\sfc.dll
0x000007fef7b70000 - 0x000007fef7b80000 	C:\Windows\system32\sfc_os.DLL
0x000007fefc770000 - 0x000007fefc78e000 	C:\Windows\system32\USERENV.dll
0x000007fefd4c0000 - 0x000007fefd4cf000 	C:\Windows\system32\profapi.dll
0x000007fefbd50000 - 0x000007fefbd68000 	C:\Windows\system32\dwmapi.dll
0x000007fef6190000 - 0x000007fef61a8000 	C:\Windows\system32\MPR.dll
0x000007fefdf70000 - 0x000007fefdf9e000 	C:\Windows\system32\IMM32.DLL
0x000007fefea90000 - 0x000007fefeb99000 	C:\Windows\system32\MSCTF.dll
0x000007fefd470000 - 0x000007fefd4b4000 	C:\Windows\system32\nvinitx.dll
0x000000000f000000 - 0x000000000f006000 	C:\Program Files\NVIDIA Corporation\CoProcManager\_etoured.dll
0x000007fefa6c0000 - 0x000007fefa705000 	C:\Program Files\NVIDIA Corporation\CoProcManager\nvd3d9wrapx.dll
0x000007fefdcb0000 - 0x000007fefde87000 	C:\Windows\system32\SETUPAPI.dll
0x000007fefd7a0000 - 0x000007fefd7d6000 	C:\Windows\system32\CFGMGR32.dll
0x000007fefde90000 - 0x000007fefdf67000 	C:\Windows\system32\OLEAUT32.dll
0x000007fefd830000 - 0x000007fefd84a000 	C:\Windows\system32\DEVOBJ.dll
0x000007fefa630000 - 0x000007fefa667000 	C:\Program Files\NVIDIA Corporation\CoProcManager\nvdxgiwrapx.dll
0x000000006f1a0000 - 0x000000006f271000 	C:\Program Files\Java\jdk1.7.0_40\jre\bin\msvcr100.dll
0x000000006deb0000 - 0x000000006e679000 	C:\Program Files\Java\jdk1.7.0_40\jre\bin\server\jvm.dll
0x000007fef77c0000 - 0x000007fef77c9000 	C:\Windows\system32\WSOCK32.dll
0x000007fefe130000 - 0x000007fefe17d000 	C:\Windows\system32\WS2_32.dll
0x000007fefdfa0000 - 0x000007fefdfa8000 	C:\Windows\system32\NSI.dll
0x000007fefb390000 - 0x000007fefb3cb000 	C:\Windows\system32\WINMM.dll
0x00000000778e0000 - 0x00000000778e7000 	C:\Windows\system32\PSAPI.DLL
0x0000000072820000 - 0x000000007282f000 	C:\Program Files\Java\jdk1.7.0_40\jre\bin\verify.dll
0x00000000727f0000 - 0x0000000072818000 	C:\Program Files\Java\jdk1.7.0_40\jre\bin\java.dll
0x0000000072750000 - 0x0000000072765000 	C:\Program Files\Java\jdk1.7.0_40\jre\bin\zip.dll
0x0000000180000000 - 0x0000000180050000 	D:\Perso\Programmation\TEST\natives\lwjgl64.dll
0x000007fef0da0000 - 0x000007fef0ebd000 	C:\Windows\system32\OPENGL32.dll
0x000007fef0d70000 - 0x000007fef0d9d000 	C:\Windows\system32\GLU32.dll
0x000007fef3d50000 - 0x000007fef3e41000 	C:\Windows\system32\DDRAW.dll
0x000007fefad00000 - 0x000007fefad08000 	C:\Windows\system32\DCIMAN32.dll
0x000007fefc560000 - 0x000007fefc56c000 	C:\Windows\system32\VERSION.dll
0x0000000072770000 - 0x0000000072789000 	C:\Program Files\Java\jdk1.7.0_40\jre\bin\net.dll
0x000007fefcce0000 - 0x000007fefcd35000 	C:\Windows\system32\mswsock.dll
0x000007fefccd0000 - 0x000007fefccd7000 	C:\Windows\System32\wship6.dll
0x00000000720c0000 - 0x00000000720d1000 	C:\Program Files\Java\jdk1.7.0_40\jre\bin\nio.dll
0x000007fefb9e0000 - 0x000007fefba36000 	C:\Windows\system32\uxtheme.dll
0x000007fef4b10000 - 0x000007fef4b8f000 	C:\Program Files\Common Files\microsoft shared\ink\tiptsf.dll
0x000000000d630000 - 0x000000000e6b0000 	C:\Windows\system32\ig7icd64.dll
0x000007fefd3a0000 - 0x000007fefd3af000 	C:\Windows\system32\CRYPTBASE.dll
0x000007fefe530000 - 0x000007fefe5c9000 	C:\Windows\system32\CLBCatQ.DLL
0x000007fefa1f0000 - 0x000007fefa28c000 	C:\Windows\system32\mscms.dll
0x000007fef1750000 - 0x000007fef1792000 	C:\Windows\system32\icm32.dll
0x000000006f000000 - 0x000000006f195000 	C:\Program Files\Java\jdk1.7.0_40\jre\bin\awt.dll
0x0000000001f30000 - 0x0000000001f46000 	D:\Perso\Programmation\TEST\natives\jinput-dx8_64.dll
0x000007fef1710000 - 0x000007fef174c000 	C:\Windows\system32\DINPUT8.dll
0x000007fefbd70000 - 0x000007fefbd7b000 	C:\Windows\system32\HID.DLL
0x000007fefd7e0000 - 0x000007fefd81a000 	C:\Windows\system32\WINTRUST.dll
0x000007fefd570000 - 0x000007fefd6dc000 	C:\Windows\system32\CRYPT32.dll
0x000007fefd560000 - 0x000007fefd56f000 	C:\Windows\system32\MSASN1.dll
0x0000000002600000 - 0x0000000002614000 	D:\Perso\Programmation\TEST\natives\jinput-raw_64.dll
0x000007fefcd40000 - 0x000007fefcd57000 	C:\Windows\system32\CRYPTSP.dll
0x000007fefca40000 - 0x000007fefca87000 	C:\Windows\system32\rsaenh.dll
0x000007fefb370000 - 0x000007fefb385000 	C:\Windows\system32\NLAapi.dll
0x000007fef3160000 - 0x000007fef3175000 	C:\Windows\system32\napinsp.dll
0x000007fef3140000 - 0x000007fef3159000 	C:\Windows\system32\pnrpnsp.dll
0x000007fefcb60000 - 0x000007fefcbbb000 	C:\Windows\system32\DNSAPI.dll
0x000007fef3130000 - 0x000007fef313b000 	C:\Windows\System32\winrnr.dll
0x000007fef3100000 - 0x000007fef312f000 	C:\Program Files\Common Files\Microsoft Shared\Windows Live\WLIDNSP.DLL
0x000007fef30f0000 - 0x000007fef3100000 	C:\Windows\system32\wshbth.dll
0x000007fefc630000 - 0x000007fefc637000 	C:\Windows\System32\wshtcpip.dll
0x000007fefb140000 - 0x000007fefb167000 	C:\Windows\system32\IPHLPAPI.DLL
0x000007fefb130000 - 0x000007fefb13b000 	C:\Windows\system32\WINNSI.DLL
0x000007fef4fa0000 - 0x000007fef4fa8000 	C:\Windows\system32\rasadhlp.dll
0x000007fefab40000 - 0x000007fefab93000 	C:\Windows\System32\fwpuclnt.dll
0x0000000069340000 - 0x00000000693c5000 	C:\Users\Ludovic\AppData\Local\Temp\sqlite-3.7.2-sqlitejdbc.dll
0x000007fef5250000 - 0x000007fef5375000 	C:\Windows\system32\dbghelp.dll

VM Arguments:
jvm_args: -Dfile.encoding=UTF-8 -Djava.library.path=./natives 
java_command: Main.StartApp
Launcher Type: SUN_STANDARD

Environment Variables:
PATH=C:\Program Files (x86)\NVIDIA Corporation\PhysX\Common;C:\Program Files (x86)\Intel\iCLS Client\;C:\Program Files\Intel\iCLS Client\;C:\Program Files\Common Files\Microsoft Shared\Windows Live;C:\Program Files (x86)\Common Files\Microsoft Shared\Windows Live;C:\Windows\system32;C:\Windows;C:\Windows\System32\Wbem;C:\Windows\System32\WindowsPowerShell\v1.0\;C:\Program Files (x86)\Windows Live\Shared;C:\Program Files\Intel\Intel(R) Management Engine Components\DAL;C:\Program Files\Intel\Intel(R) Management Engine Components\IPT;C:\Program Files (x86)\Intel\Intel(R) Management Engine Components\DAL;C:\Program Files (x86)\Intel\Intel(R) Management Engine Components\IPT;C:\Program Files (x86)\Intel\OpenCL SDK\2.0\bin\x86;C:\Program Files (x86)\Intel\OpenCL SDK\2.0\bin\x64;C:\Program Files\Intel\WiFi\bin\;C:\Program Files\Common Files\Intel\WirelessCommon\;C:\Program Files\Mercurial\;C:\Program Files (x86)\Java\jre7\bin\
USERNAME=Ludovic
OS=Windows_NT
PROCESSOR_IDENTIFIER=Intel64 Family 6 Model 58 Stepping 9, GenuineIntel



---------------  S Y S T E M  ---------------

OS: Windows 7 , 64 bit Build 7601 Service Pack 1

CPU:total 8 (4 cores per cpu, 2 threads per core) family 6 model 58 stepping 9, cmov, cx8, fxsr, mmx, sse, sse2, sse3, ssse3, sse4.1, sse4.2, popcnt, avx, aes, erms, ht, tsc, tscinvbit, tscinv

Memory: 4k page, physical 6174576k(2974904k free), swap 12347288k(8631132k free)

vm_info: Java HotSpot(TM) 64-Bit Server VM (24.0-b56) for windows-amd64 JRE (1.7.0_40-b43), built on Aug 26 2013 22:38:32 by "java_re" with unknown MS VC++:1600

time: Thu Feb 06 11:30:15 2014
elapsed time: 4 seconds

